<?xml version="1.0" encoding="UTF-8"?>
<!-- Generated by org.testng.reporters.JUnitReportReporter -->
<testsuite hostname="DESKTOP-BD4RVIL" failures="0" tests="3" name="MyTestCasesSauceLab.ProblemUser" time="1.728" errors="0" timestamp="2024-12-26T00:12:02 EET" skipped="0">
  <testcase classname="MyTestCasesSauceLab.ProblemUser" name="LogIn" time="1.357"/>
  <system-out/>
  <testcase classname="MyTestCasesSauceLab.ProblemUser" name="AddToCartItem" time="0.227"/>
  <system-out/>
  <testcase classname="MyTestCasesSauceLab.ProblemUser" name="RemoveToCartItem" time="0.144"/>
  <system-out/>
</testsuite> <!-- MyTestCasesSauceLab.ProblemUser -->
