<?xml version="1.0" encoding="UTF-8"?>
<!-- Generated by org.testng.reporters.JUnitReportReporter -->
<testsuite hostname="DESKTOP-BD4RVIL" failures="0" tests="3" name="StandardUser.MianTestCases" time="2.298" errors="0" timestamp="2024-12-27T16:47:39 EET" skipped="1">
  <testcase classname="StandardUser.MianTestCases" name="LogIn" time="2.066"/>
  <system-out/>
  <testcase classname="StandardUser.MianTestCases" name="AddToCartItem" time="0.232"/>
  <system-out/>
  <testcase classname="StandardUser.MianTestCases" name="RemoveToCartItem">
    <skipped/>
  </testcase> <!-- RemoveToCartItem -->
  <system-out/>
</testsuite> <!-- StandardUser.MianTestCases -->
