<?xml version="1.0" encoding="UTF-8"?>
<!-- Generated by org.testng.reporters.JUnitReportReporter -->
<testsuite hostname="DESKTOP-BD4RVIL" failures="0" tests="3" name="MyTestCasesSauceLab.MainTestCases" time="3.677" errors="0" timestamp="2024-12-26T00:08:33 EET" skipped="0">
  <testcase classname="MyTestCasesSauceLab.MainTestCases" name="LogIn" time="3.280"/>
  <system-out/>
  <testcase classname="MyTestCasesSauceLab.MainTestCases" name="AddToCartItem" time="0.234"/>
  <system-out/>
  <testcase classname="MyTestCasesSauceLab.MainTestCases" name="RemoveToCartItem" time="0.163"/>
  <system-out/>
</testsuite> <!-- MyTestCasesSauceLab.MainTestCases -->
